<?xml version="1.0" encoding="UTF-8"?>
<!-- Generated by org.testng.reporters.JUnitXMLReporter -->
<testsuite ignored="0" hostname="LAPTOP-VR92I9TB" failures="0" tests="4" name="PetTest" time="7.431" errors="0" timestamp="2023-12-13T11:27:19 IST">
  <testcase classname="api.test.UserTests" name="testPostUser" time="2.315"/>
  <testcase classname="api.test.UserTests" name="testGetUserByName" time="1.132"/>
  <testcase classname="api.test.UserTests" name="testUpdateUserByName" time="2.184"/>
  <testcase classname="api.test.UserTests" name="testDeleteUserByName" time="1.12"/>
</testsuite> <!-- PetTest -->
